<?xml version="1.0" encoding="UTF-8"?>
<testng-results ignored="0" total="1" passed="1" failed="0" skipped="0">
  <reporter-output>
  </reporter-output>
  <suite started-at="2023-04-26T21:13:42 IST" name="Suite" finished-at="2023-04-26T21:13:49 IST" duration-ms="6932">
    <groups>
    </groups>
    <test started-at="2023-04-26T21:13:42 IST" name="Test" finished-at="2023-04-26T21:13:49 IST" duration-ms="6932">
      <class name="testscript.Login_Script">
        <test-method is-config="true" signature="open()[pri:0, instance:testscript.Login_Script@693fe6c9]" started-at="2023-04-26T21:13:42 IST" name="open" finished-at="2023-04-26T21:13:47 IST" duration-ms="4990" status="PASS">
          <reporter-output>
          </reporter-output>
        </test-method> <!-- open -->
        <test-method signature="test1()[pri:0, instance:testscript.Login_Script@693fe6c9]" started-at="2023-04-26T21:13:47 IST" name="test1" finished-at="2023-04-26T21:13:49 IST" duration-ms="1615" status="PASS">
          <reporter-output>
          </reporter-output>
        </test-method> <!-- test1 -->
        <test-method is-config="true" signature="close()[pri:0, instance:testscript.Login_Script@693fe6c9]" started-at="2023-04-26T21:13:49 IST" name="close" finished-at="2023-04-26T21:13:49 IST" duration-ms="245" status="PASS">
          <reporter-output>
          </reporter-output>
        </test-method> <!-- close -->
      </class> <!-- testscript.Login_Script -->
    </test> <!-- Test -->
  </suite> <!-- Suite -->
</testng-results>
